{"/home/ricarvsan/Driven/cursos-testes-unitarios/aula-testes-04/src/app.ts": {"path":"/home/ricarvsan/Driven/cursos-testes-unitarios/aula-testes-04/src/app.ts","statementMap":{"0":{"start":{"line":1,"column":0},"end":{"line":1,"column":59}},"1":{"start":{"line":2,"column":0},"end":{"line":2,"column":37}},"2":{"start":{"line":4,"column":0},"end":{"line":4,"column":38}},"3":{"start":{"line":5,"column":0},"end":{"line":5,"column":49}},"4":{"start":{"line":7,"column":12},"end":{"line":7,"column":21}},"5":{"start":{"line":8,"column":0},"end":{"line":8,"column":16}},"6":{"start":{"line":10,"column":0},"end":{"line":10,"column":69}},"7":{"start":{"line":10,"column":52},"end":{"line":10,"column":67}},"8":{"start":{"line":11,"column":0},"end":{"line":30,"column":3}},"9":{"start":{"line":12,"column":2},"end":{"line":29,"column":null}},"10":{"start":{"line":13,"column":34},"end":{"line":13,"column":54}},"11":{"start":{"line":14,"column":21},"end":{"line":19,"column":6}},"12":{"start":{"line":15,"column":41},"end":{"line":15,"column":63}},"13":{"start":{"line":16,"column":41},"end":{"line":16,"column":63}},"14":{"start":{"line":17,"column":41},"end":{"line":17,"column":63}},"15":{"start":{"line":18,"column":41},"end":{"line":18,"column":63}},"16":{"start":{"line":21,"column":26},"end":{"line":21,"column":47}},"17":{"start":{"line":22,"column":4},"end":{"line":22,"column":70}},"18":{"start":{"line":22,"column":24},"end":{"line":22,"column":70}},"19":{"start":{"line":24,"column":19},"end":{"line":24,"column":50}},"20":{"start":{"line":25,"column":4},"end":{"line":25,"column":47}},"21":{"start":{"line":27,"column":4},"end":{"line":27,"column":23}},"22":{"start":{"line":28,"column":4},"end":{"line":28,"column":null}},"23":{"start":{"line":32,"column":0},"end":{"line":32,"column":19}}},"fnMap":{"0":{"name":"(anonymous_7)","decl":{"start":{"line":10,"column":19},"end":{"line":10,"column":20}},"loc":{"start":{"line":10,"column":52},"end":{"line":10,"column":67}}},"1":{"name":"(anonymous_8)","decl":{"start":{"line":11,"column":28},"end":{"line":11,"column":29}},"loc":{"start":{"line":11,"column":60},"end":{"line":30,"column":1}}},"2":{"name":"(anonymous_9)","decl":{"start":{"line":15,"column":13},"end":{"line":15,"column":14}},"loc":{"start":{"line":15,"column":41},"end":{"line":15,"column":63}}},"3":{"name":"(anonymous_10)","decl":{"start":{"line":16,"column":13},"end":{"line":16,"column":14}},"loc":{"start":{"line":16,"column":41},"end":{"line":16,"column":63}}},"4":{"name":"(anonymous_11)","decl":{"start":{"line":17,"column":13},"end":{"line":17,"column":14}},"loc":{"start":{"line":17,"column":41},"end":{"line":17,"column":63}}},"5":{"name":"(anonymous_12)","decl":{"start":{"line":18,"column":13},"end":{"line":18,"column":14}},"loc":{"start":{"line":18,"column":41},"end":{"line":18,"column":63}}}},"branchMap":{"0":{"loc":{"start":{"line":22,"column":4},"end":{"line":22,"column":70}},"type":"if","locations":[{"start":{"line":22,"column":4},"end":{"line":22,"column":70}}]}},"s":{"0":2,"1":2,"2":2,"3":2,"4":2,"5":2,"6":2,"7":1,"8":2,"9":1,"10":1,"11":1,"12":0,"13":0,"14":0,"15":0,"16":1,"17":1,"18":1,"19":0,"20":0,"21":0,"22":0,"23":2},"f":{"0":1,"1":1,"2":0,"3":0,"4":0,"5":0},"b":{"0":[1]}}
,"/home/ricarvsan/Driven/cursos-testes-unitarios/aula-testes-04/src/calculator.ts": {"path":"/home/ricarvsan/Driven/cursos-testes-unitarios/aula-testes-04/src/calculator.ts","statementMap":{"0":{"start":{"line":2,"column":2},"end":{"line":2,"column":17}},"1":{"start":{"line":6,"column":2},"end":{"line":6,"column":17}},"2":{"start":{"line":10,"column":2},"end":{"line":10,"column":25}},"3":{"start":{"line":10,"column":16},"end":{"line":10,"column":25}},"4":{"start":{"line":11,"column":2},"end":{"line":11,"column":17}},"5":{"start":{"line":15,"column":2},"end":{"line":15,"column":17}},"6":{"start":{"line":18,"column":19},"end":{"line":20,"column":null}},"7":{"start":{"line":22,"column":0},"end":{"line":22,"column":26}}},"fnMap":{"0":{"name":"sum","decl":{"start":{"line":1,"column":9},"end":{"line":1,"column":12}},"loc":{"start":{"line":1,"column":35},"end":{"line":3,"column":1}}},"1":{"name":"sub","decl":{"start":{"line":5,"column":9},"end":{"line":5,"column":12}},"loc":{"start":{"line":5,"column":35},"end":{"line":7,"column":1}}},"2":{"name":"div","decl":{"start":{"line":9,"column":9},"end":{"line":9,"column":12}},"loc":{"start":{"line":9,"column":35},"end":{"line":12,"column":1}}},"3":{"name":"mul","decl":{"start":{"line":14,"column":9},"end":{"line":14,"column":12}},"loc":{"start":{"line":14,"column":35},"end":{"line":16,"column":1}}}},"branchMap":{"0":{"loc":{"start":{"line":10,"column":2},"end":{"line":10,"column":25}},"type":"if","locations":[{"start":{"line":10,"column":2},"end":{"line":10,"column":25}}]}},"s":{"0":1,"1":1,"2":2,"3":1,"4":1,"5":1,"6":3,"7":3},"f":{"0":1,"1":1,"2":2,"3":1},"b":{"0":[1]}}
,"/home/ricarvsan/Driven/cursos-testes-unitarios/aula-testes-04/src/validator.ts": {"path":"/home/ricarvsan/Driven/cursos-testes-unitarios/aula-testes-04/src/validator.ts","statementMap":{"0":{"start":{"line":2,"column":0},"end":{"line":2,"column":37}},"1":{"start":{"line":3,"column":0},"end":{"line":3,"column":22}},"2":{"start":{"line":11,"column":19},"end":{"line":15,"column":2}},"3":{"start":{"line":18,"column":21},"end":{"line":18,"column":50}},"4":{"start":{"line":19,"column":2},"end":{"line":21,"column":null}},"5":{"start":{"line":20,"column":4},"end":{"line":20,"column":97}},"6":{"start":{"line":23,"column":2},"end":{"line":23,"column":9}},"7":{"start":{"line":17,"column":0},"end":{"line":17,"column":16}}},"fnMap":{"0":{"name":"validate","decl":{"start":{"line":17,"column":16},"end":{"line":17,"column":24}},"loc":{"start":{"line":17,"column":72},"end":{"line":24,"column":1}}}},"branchMap":{"0":{"loc":{"start":{"line":19,"column":2},"end":{"line":21,"column":null}},"type":"if","locations":[{"start":{"line":19,"column":2},"end":{"line":21,"column":null}}]}},"s":{"0":2,"1":2,"2":2,"3":2,"4":2,"5":1,"6":1,"7":2},"f":{"0":2},"b":{"0":[1]}}
}
